{"C:\\Users\\chuck\\source\\tektonology\\services\\print-proxy\\proxy.js": {"path":"C:\\Users\\chuck\\source\\tektonology\\services\\print-proxy\\proxy.js","all":false,"statementMap":{"0":{"start":{"line":1,"column":0},"end":{"line":1,"column":20}},"1":{"start":{"line":2,"column":0},"end":{"line":2,"column":24}},"2":{"start":{"line":3,"column":0},"end":{"line":3,"column":22}},"3":{"start":{"line":4,"column":0},"end":{"line":4,"column":26}},"4":{"start":{"line":5,"column":0},"end":{"line":5,"column":24}},"5":{"start":{"line":6,"column":0},"end":{"line":6,"column":0}},"6":{"start":{"line":7,"column":0},"end":{"line":7,"column":22}},"7":{"start":{"line":8,"column":0},"end":{"line":8,"column":76}},"8":{"start":{"line":9,"column":0},"end":{"line":9,"column":0}},"9":{"start":{"line":10,"column":0},"end":{"line":10,"column":3}},"10":{"start":{"line":11,"column":0},"end":{"line":11,"column":63}},"11":{"start":{"line":12,"column":0},"end":{"line":12,"column":3}},"12":{"start":{"line":13,"column":0},"end":{"line":13,"column":46}},"13":{"start":{"line":14,"column":0},"end":{"line":14,"column":68}},"14":{"start":{"line":15,"column":0},"end":{"line":15,"column":53}},"15":{"start":{"line":16,"column":0},"end":{"line":16,"column":1}},"16":{"start":{"line":17,"column":0},"end":{"line":17,"column":0}},"17":{"start":{"line":18,"column":0},"end":{"line":18,"column":3}},"18":{"start":{"line":19,"column":0},"end":{"line":19,"column":63}},"19":{"start":{"line":20,"column":0},"end":{"line":20,"column":68}},"20":{"start":{"line":21,"column":0},"end":{"line":21,"column":2}},"21":{"start":{"line":22,"column":0},"end":{"line":22,"column":70}},"22":{"start":{"line":23,"column":0},"end":{"line":23,"column":73}},"23":{"start":{"line":24,"column":0},"end":{"line":24,"column":73}},"24":{"start":{"line":25,"column":0},"end":{"line":25,"column":3}},"25":{"start":{"line":26,"column":0},"end":{"line":26,"column":152}},"26":{"start":{"line":27,"column":0},"end":{"line":27,"column":38}},"27":{"start":{"line":28,"column":0},"end":{"line":28,"column":65}},"28":{"start":{"line":29,"column":0},"end":{"line":29,"column":0}},"29":{"start":{"line":30,"column":0},"end":{"line":30,"column":28}},"30":{"start":{"line":31,"column":0},"end":{"line":31,"column":57}},"31":{"start":{"line":32,"column":0},"end":{"line":32,"column":55}},"32":{"start":{"line":33,"column":0},"end":{"line":33,"column":0}},"33":{"start":{"line":34,"column":0},"end":{"line":34,"column":63}},"34":{"start":{"line":35,"column":0},"end":{"line":35,"column":67}},"35":{"start":{"line":36,"column":0},"end":{"line":36,"column":73}},"36":{"start":{"line":37,"column":0},"end":{"line":37,"column":16}},"37":{"start":{"line":38,"column":0},"end":{"line":38,"column":27}},"38":{"start":{"line":39,"column":0},"end":{"line":39,"column":12}},"39":{"start":{"line":40,"column":0},"end":{"line":40,"column":47}},"40":{"start":{"line":41,"column":0},"end":{"line":41,"column":58}},"41":{"start":{"line":42,"column":0},"end":{"line":42,"column":27}},"42":{"start":{"line":43,"column":0},"end":{"line":43,"column":5}},"43":{"start":{"line":44,"column":0},"end":{"line":44,"column":4}},"44":{"start":{"line":45,"column":0},"end":{"line":45,"column":0}},"45":{"start":{"line":46,"column":0},"end":{"line":46,"column":52}},"46":{"start":{"line":47,"column":0},"end":{"line":47,"column":28}},"47":{"start":{"line":48,"column":0},"end":{"line":48,"column":0}},"48":{"start":{"line":49,"column":0},"end":{"line":49,"column":18}},"49":{"start":{"line":50,"column":0},"end":{"line":50,"column":74}},"50":{"start":{"line":51,"column":0},"end":{"line":51,"column":23}},"51":{"start":{"line":52,"column":0},"end":{"line":52,"column":27}},"52":{"start":{"line":53,"column":0},"end":{"line":53,"column":32}},"53":{"start":{"line":54,"column":0},"end":{"line":54,"column":53}},"54":{"start":{"line":55,"column":0},"end":{"line":55,"column":7}},"55":{"start":{"line":56,"column":0},"end":{"line":56,"column":0}},"56":{"start":{"line":57,"column":0},"end":{"line":57,"column":40}},"57":{"start":{"line":58,"column":0},"end":{"line":58,"column":75}},"58":{"start":{"line":59,"column":0},"end":{"line":59,"column":54}},"59":{"start":{"line":60,"column":0},"end":{"line":60,"column":73}},"60":{"start":{"line":61,"column":0},"end":{"line":61,"column":9}},"61":{"start":{"line":62,"column":0},"end":{"line":62,"column":7}},"62":{"start":{"line":63,"column":0},"end":{"line":63,"column":0}},"63":{"start":{"line":64,"column":0},"end":{"line":64,"column":64}},"64":{"start":{"line":65,"column":0},"end":{"line":65,"column":55}},"65":{"start":{"line":66,"column":0},"end":{"line":66,"column":82}},"66":{"start":{"line":67,"column":0},"end":{"line":67,"column":7}},"67":{"start":{"line":68,"column":0},"end":{"line":68,"column":0}},"68":{"start":{"line":69,"column":0},"end":{"line":69,"column":41}},"69":{"start":{"line":70,"column":0},"end":{"line":70,"column":27}},"70":{"start":{"line":71,"column":0},"end":{"line":71,"column":82}},"71":{"start":{"line":72,"column":0},"end":{"line":72,"column":14}},"72":{"start":{"line":73,"column":0},"end":{"line":73,"column":64}},"73":{"start":{"line":74,"column":0},"end":{"line":74,"column":7}},"74":{"start":{"line":75,"column":0},"end":{"line":75,"column":7}},"75":{"start":{"line":76,"column":0},"end":{"line":76,"column":88}},"76":{"start":{"line":77,"column":0},"end":{"line":77,"column":3}},"77":{"start":{"line":78,"column":0},"end":{"line":78,"column":0}},"78":{"start":{"line":79,"column":0},"end":{"line":79,"column":45}},"79":{"start":{"line":80,"column":0},"end":{"line":80,"column":50}},"80":{"start":{"line":81,"column":0},"end":{"line":81,"column":48}},"81":{"start":{"line":82,"column":0},"end":{"line":82,"column":0}},"82":{"start":{"line":83,"column":0},"end":{"line":83,"column":18}},"83":{"start":{"line":84,"column":0},"end":{"line":84,"column":40}},"84":{"start":{"line":85,"column":0},"end":{"line":85,"column":37}},"85":{"start":{"line":86,"column":0},"end":{"line":86,"column":46}},"86":{"start":{"line":87,"column":0},"end":{"line":87,"column":37}},"87":{"start":{"line":88,"column":0},"end":{"line":88,"column":12}},"88":{"start":{"line":89,"column":0},"end":{"line":89,"column":28}},"89":{"start":{"line":90,"column":0},"end":{"line":90,"column":5}},"90":{"start":{"line":91,"column":0},"end":{"line":91,"column":0}},"91":{"start":{"line":92,"column":0},"end":{"line":92,"column":16}},"92":{"start":{"line":93,"column":0},"end":{"line":93,"column":9}},"93":{"start":{"line":94,"column":0},"end":{"line":94,"column":54}},"94":{"start":{"line":95,"column":0},"end":{"line":95,"column":13}},"95":{"start":{"line":96,"column":0},"end":{"line":96,"column":42}},"96":{"start":{"line":97,"column":0},"end":{"line":97,"column":5}},"97":{"start":{"line":98,"column":0},"end":{"line":98,"column":0}},"98":{"start":{"line":99,"column":0},"end":{"line":99,"column":53}},"99":{"start":{"line":100,"column":0},"end":{"line":100,"column":0}},"100":{"start":{"line":101,"column":0},"end":{"line":101,"column":41}},"101":{"start":{"line":102,"column":0},"end":{"line":102,"column":49}},"102":{"start":{"line":103,"column":0},"end":{"line":103,"column":0}},"103":{"start":{"line":104,"column":0},"end":{"line":104,"column":70}},"104":{"start":{"line":105,"column":0},"end":{"line":105,"column":0}},"105":{"start":{"line":106,"column":0},"end":{"line":106,"column":47}},"106":{"start":{"line":107,"column":0},"end":{"line":107,"column":80}},"107":{"start":{"line":108,"column":0},"end":{"line":108,"column":26}},"108":{"start":{"line":109,"column":0},"end":{"line":109,"column":68}},"109":{"start":{"line":110,"column":0},"end":{"line":110,"column":5}},"110":{"start":{"line":111,"column":0},"end":{"line":111,"column":5}},"111":{"start":{"line":112,"column":0},"end":{"line":112,"column":0}},"112":{"start":{"line":113,"column":0},"end":{"line":113,"column":22}},"113":{"start":{"line":114,"column":0},"end":{"line":114,"column":34}},"114":{"start":{"line":115,"column":0},"end":{"line":115,"column":36}},"115":{"start":{"line":116,"column":0},"end":{"line":116,"column":4}},"116":{"start":{"line":117,"column":0},"end":{"line":117,"column":0}},"117":{"start":{"line":118,"column":0},"end":{"line":118,"column":60}},"118":{"start":{"line":119,"column":0},"end":{"line":119,"column":0}},"119":{"start":{"line":120,"column":0},"end":{"line":120,"column":44}},"120":{"start":{"line":121,"column":0},"end":{"line":121,"column":25}},"121":{"start":{"line":122,"column":0},"end":{"line":122,"column":25}},"122":{"start":{"line":123,"column":0},"end":{"line":123,"column":41}},"123":{"start":{"line":124,"column":0},"end":{"line":124,"column":0}},"124":{"start":{"line":125,"column":0},"end":{"line":125,"column":26}},"125":{"start":{"line":126,"column":0},"end":{"line":126,"column":9}},"126":{"start":{"line":127,"column":0},"end":{"line":127,"column":43}},"127":{"start":{"line":128,"column":0},"end":{"line":128,"column":45}},"128":{"start":{"line":129,"column":0},"end":{"line":129,"column":45}},"129":{"start":{"line":130,"column":0},"end":{"line":130,"column":48}},"130":{"start":{"line":131,"column":0},"end":{"line":131,"column":19}},"131":{"start":{"line":132,"column":0},"end":{"line":132,"column":64}},"132":{"start":{"line":133,"column":0},"end":{"line":133,"column":5}},"133":{"start":{"line":134,"column":0},"end":{"line":134,"column":3}},"134":{"start":{"line":135,"column":0},"end":{"line":135,"column":0}},"135":{"start":{"line":136,"column":0},"end":{"line":136,"column":31}},"136":{"start":{"line":137,"column":0},"end":{"line":137,"column":9}},"137":{"start":{"line":138,"column":0},"end":{"line":138,"column":61}},"138":{"start":{"line":139,"column":0},"end":{"line":139,"column":49}},"139":{"start":{"line":140,"column":0},"end":{"line":140,"column":47}},"140":{"start":{"line":141,"column":0},"end":{"line":141,"column":66}},"141":{"start":{"line":142,"column":0},"end":{"line":142,"column":34}},"142":{"start":{"line":143,"column":0},"end":{"line":143,"column":51}},"143":{"start":{"line":144,"column":0},"end":{"line":144,"column":9}},"144":{"start":{"line":145,"column":0},"end":{"line":145,"column":13}},"145":{"start":{"line":146,"column":0},"end":{"line":146,"column":66}},"146":{"start":{"line":147,"column":0},"end":{"line":147,"column":5}},"147":{"start":{"line":148,"column":0},"end":{"line":148,"column":3}},"148":{"start":{"line":149,"column":0},"end":{"line":149,"column":0}},"149":{"start":{"line":150,"column":0},"end":{"line":150,"column":10}},"150":{"start":{"line":151,"column":0},"end":{"line":151,"column":13}},"151":{"start":{"line":152,"column":0},"end":{"line":152,"column":39}},"152":{"start":{"line":153,"column":0},"end":{"line":153,"column":60}},"153":{"start":{"line":154,"column":0},"end":{"line":154,"column":49}},"154":{"start":{"line":155,"column":0},"end":{"line":155,"column":74}},"155":{"start":{"line":156,"column":0},"end":{"line":156,"column":29}},"156":{"start":{"line":157,"column":0},"end":{"line":157,"column":20}},"157":{"start":{"line":158,"column":0},"end":{"line":158,"column":11}},"158":{"start":{"line":159,"column":0},"end":{"line":159,"column":9}},"159":{"start":{"line":160,"column":0},"end":{"line":160,"column":6}},"160":{"start":{"line":161,"column":0},"end":{"line":161,"column":12}},"161":{"start":{"line":162,"column":0},"end":{"line":162,"column":32}},"162":{"start":{"line":163,"column":0},"end":{"line":163,"column":43}},"163":{"start":{"line":164,"column":0},"end":{"line":164,"column":39}},"164":{"start":{"line":165,"column":0},"end":{"line":165,"column":27}},"165":{"start":{"line":166,"column":0},"end":{"line":166,"column":30}},"166":{"start":{"line":167,"column":0},"end":{"line":167,"column":33}},"167":{"start":{"line":168,"column":0},"end":{"line":168,"column":56}},"168":{"start":{"line":169,"column":0},"end":{"line":169,"column":20}},"169":{"start":{"line":170,"column":0},"end":{"line":170,"column":24}},"170":{"start":{"line":171,"column":0},"end":{"line":171,"column":13}},"171":{"start":{"line":172,"column":0},"end":{"line":172,"column":13}},"172":{"start":{"line":173,"column":0},"end":{"line":173,"column":11}},"173":{"start":{"line":174,"column":0},"end":{"line":174,"column":9}},"174":{"start":{"line":175,"column":0},"end":{"line":175,"column":6}},"175":{"start":{"line":176,"column":0},"end":{"line":176,"column":10}},"176":{"start":{"line":177,"column":0},"end":{"line":177,"column":11}},"177":{"start":{"line":178,"column":0},"end":{"line":178,"column":19}},"178":{"start":{"line":179,"column":0},"end":{"line":179,"column":16}},"179":{"start":{"line":180,"column":0},"end":{"line":180,"column":4}},"180":{"start":{"line":181,"column":0},"end":{"line":181,"column":1}},"181":{"start":{"line":182,"column":0},"end":{"line":182,"column":0}},"182":{"start":{"line":183,"column":0},"end":{"line":183,"column":59}},"183":{"start":{"line":184,"column":0},"end":{"line":184,"column":43}},"184":{"start":{"line":185,"column":0},"end":{"line":185,"column":88}},"185":{"start":{"line":186,"column":0},"end":{"line":186,"column":1}}},"s":{"0":1,"1":1,"2":1,"3":1,"4":1,"5":1,"6":1,"7":1,"8":1,"9":1,"10":1,"11":1,"12":1,"13":10,"14":10,"15":10,"16":1,"17":1,"18":1,"19":1,"20":1,"21":1,"22":1,"23":1,"24":1,"25":1,"26":9,"27":9,"28":9,"29":9,"30":9,"31":9,"32":9,"33":9,"34":9,"35":16,"36":16,"37":12,"38":16,"39":4,"40":4,"41":4,"42":4,"43":9,"44":9,"45":9,"46":9,"47":9,"48":9,"49":4,"50":4,"51":4,"52":4,"53":4,"54":4,"55":4,"56":4,"57":2,"58":2,"59":2,"60":2,"61":4,"62":4,"63":4,"64":4,"65":1,"66":4,"67":4,"68":4,"69":2,"70":1,"71":1,"72":1,"73":1,"74":4,"75":4,"76":4,"77":9,"78":9,"79":9,"80":35,"81":10,"82":10,"83":35,"84":6,"85":35,"86":3,"87":4,"88":1,"89":1,"90":10,"91":10,"92":10,"93":10,"94":35,"95":2,"96":2,"97":10,"98":10,"99":10,"100":10,"101":35,"102":6,"103":6,"104":6,"105":35,"106":1,"107":35,"108":2,"109":2,"110":9,"111":9,"112":9,"113":9,"114":9,"115":9,"116":9,"117":9,"118":9,"119":9,"120":9,"121":9,"122":9,"123":9,"124":9,"125":4,"126":4,"127":4,"128":4,"129":4,"130":4,"131":1,"132":1,"133":4,"134":9,"135":9,"136":9,"137":9,"138":10,"139":10,"140":10,"141":10,"142":10,"143":9,"144":9,"145":1,"146":1,"147":9,"148":9,"149":9,"150":9,"151":9,"152":9,"153":9,"154":9,"155":9,"156":9,"157":9,"158":9,"159":9,"160":9,"161":9,"162":9,"163":9,"164":9,"165":9,"166":9,"167":4,"168":9,"169":5,"170":5,"171":9,"172":9,"173":9,"174":9,"175":9,"176":9,"177":9,"178":9,"179":9,"180":9,"181":1,"182":1,"183":3,"184":3,"185":3},"branchMap":{"0":{"type":"branch","line":1,"loc":{"start":{"line":1,"column":0},"end":{"line":186,"column":1}},"locations":[{"start":{"line":1,"column":0},"end":{"line":186,"column":1}}]},"1":{"type":"branch","line":7,"loc":{"start":{"line":7,"column":13},"end":{"line":7,"column":21}},"locations":[{"start":{"line":7,"column":13},"end":{"line":7,"column":21}}]},"2":{"type":"branch","line":13,"loc":{"start":{"line":13,"column":7},"end":{"line":16,"column":1}},"locations":[{"start":{"line":13,"column":7},"end":{"line":16,"column":1}}]},"3":{"type":"branch","line":14,"loc":{"start":{"line":14,"column":34},"end":{"line":14,"column":53}},"locations":[{"start":{"line":14,"column":34},"end":{"line":14,"column":53}}]},"4":{"type":"branch","line":14,"loc":{"start":{"line":14,"column":55},"end":{"line":14,"column":68}},"locations":[{"start":{"line":14,"column":55},"end":{"line":14,"column":68}}]},"5":{"type":"branch","line":15,"loc":{"start":{"line":15,"column":-2},"end":{"line":15,"column":42}},"locations":[{"start":{"line":15,"column":-2},"end":{"line":15,"column":42}}]},"6":{"type":"branch","line":15,"loc":{"start":{"line":15,"column":42},"end":{"line":15,"column":51}},"locations":[{"start":{"line":15,"column":42},"end":{"line":15,"column":51}}]},"7":{"type":"branch","line":26,"loc":{"start":{"line":26,"column":7},"end":{"line":181,"column":1}},"locations":[{"start":{"line":26,"column":7},"end":{"line":181,"column":1}}]},"8":{"type":"branch","line":27,"loc":{"start":{"line":27,"column":24},"end":{"line":27,"column":37}},"locations":[{"start":{"line":27,"column":24},"end":{"line":27,"column":37}}]},"9":{"type":"branch","line":28,"loc":{"start":{"line":28,"column":32},"end":{"line":28,"column":64}},"locations":[{"start":{"line":28,"column":32},"end":{"line":28,"column":64}}]},"10":{"type":"branch","line":49,"loc":{"start":{"line":49,"column":17},"end":{"line":77,"column":3}},"locations":[{"start":{"line":49,"column":17},"end":{"line":77,"column":3}}]},"11":{"type":"branch","line":28,"loc":{"start":{"line":28,"column":36},"end":{"line":28,"column":63}},"locations":[{"start":{"line":28,"column":36},"end":{"line":28,"column":63}}]},"12":{"type":"branch","line":35,"loc":{"start":{"line":35,"column":23},"end":{"line":44,"column":3}},"locations":[{"start":{"line":35,"column":23},"end":{"line":44,"column":3}}]},"13":{"type":"branch","line":36,"loc":{"start":{"line":36,"column":38},"end":{"line":36,"column":72}},"locations":[{"start":{"line":36,"column":38},"end":{"line":36,"column":72}}]},"14":{"type":"branch","line":37,"loc":{"start":{"line":37,"column":15},"end":{"line":39,"column":5}},"locations":[{"start":{"line":37,"column":15},"end":{"line":39,"column":5}}]},"15":{"type":"branch","line":39,"loc":{"start":{"line":39,"column":5},"end":{"line":43,"column":5}},"locations":[{"start":{"line":39,"column":5},"end":{"line":43,"column":5}}]},"16":{"type":"branch","line":57,"loc":{"start":{"line":57,"column":33},"end":{"line":62,"column":5}},"locations":[{"start":{"line":57,"column":33},"end":{"line":62,"column":5}}]},"17":{"type":"branch","line":59,"loc":{"start":{"line":59,"column":44},"end":{"line":61,"column":7}},"locations":[{"start":{"line":59,"column":44},"end":{"line":61,"column":7}}]},"18":{"type":"branch","line":60,"loc":{"start":{"line":60,"column":17},"end":{"line":60,"column":73}},"locations":[{"start":{"line":60,"column":17},"end":{"line":60,"column":73}}]},"19":{"type":"branch","line":65,"loc":{"start":{"line":65,"column":33},"end":{"line":67,"column":5}},"locations":[{"start":{"line":65,"column":33},"end":{"line":67,"column":5}}]},"20":{"type":"branch","line":69,"loc":{"start":{"line":69,"column":31},"end":{"line":75,"column":5}},"locations":[{"start":{"line":69,"column":31},"end":{"line":75,"column":5}}]},"21":{"type":"branch","line":70,"loc":{"start":{"line":70,"column":26},"end":{"line":74,"column":7}},"locations":[{"start":{"line":70,"column":26},"end":{"line":74,"column":7}}]},"22":{"type":"branch","line":76,"loc":{"start":{"line":76,"column":31},"end":{"line":76,"column":86}},"locations":[{"start":{"line":76,"column":31},"end":{"line":76,"column":86}}]},"23":{"type":"branch","line":80,"loc":{"start":{"line":80,"column":22},"end":{"line":111,"column":3}},"locations":[{"start":{"line":80,"column":22},"end":{"line":111,"column":3}}]},"24":{"type":"branch","line":81,"loc":{"start":{"line":81,"column":41},"end":{"line":81,"column":48}},"locations":[{"start":{"line":81,"column":41},"end":{"line":81,"column":48}}]},"25":{"type":"branch","line":82,"loc":{"start":{"line":82,"column":-2},"end":{"line":84,"column":39}},"locations":[{"start":{"line":82,"column":-2},"end":{"line":84,"column":39}}]},"26":{"type":"branch","line":84,"loc":{"start":{"line":84,"column":39},"end":{"line":86,"column":5}},"locations":[{"start":{"line":84,"column":39},"end":{"line":86,"column":5}}]},"27":{"type":"branch","line":86,"loc":{"start":{"line":86,"column":5},"end":{"line":90,"column":5}},"locations":[{"start":{"line":86,"column":5},"end":{"line":90,"column":5}}]},"28":{"type":"branch","line":86,"loc":{"start":{"line":86,"column":45},"end":{"line":88,"column":5}},"locations":[{"start":{"line":86,"column":45},"end":{"line":88,"column":5}}]},"29":{"type":"branch","line":88,"loc":{"start":{"line":88,"column":5},"end":{"line":90,"column":5}},"locations":[{"start":{"line":88,"column":5},"end":{"line":90,"column":5}}]},"30":{"type":"branch","line":91,"loc":{"start":{"line":91,"column":-2},"end":{"line":95,"column":6}},"locations":[{"start":{"line":91,"column":-2},"end":{"line":95,"column":6}}]},"31":{"type":"branch","line":95,"loc":{"start":{"line":95,"column":6},"end":{"line":97,"column":5}},"locations":[{"start":{"line":95,"column":6},"end":{"line":97,"column":5}}]},"32":{"type":"branch","line":98,"loc":{"start":{"line":98,"column":-2},"end":{"line":102,"column":42}},"locations":[{"start":{"line":98,"column":-2},"end":{"line":102,"column":42}}]},"33":{"type":"branch","line":102,"loc":{"start":{"line":102,"column":42},"end":{"line":102,"column":49}},"locations":[{"start":{"line":102,"column":42},"end":{"line":102,"column":49}}]},"34":{"type":"branch","line":103,"loc":{"start":{"line":103,"column":-2},"end":{"line":106,"column":16}},"locations":[{"start":{"line":103,"column":-2},"end":{"line":106,"column":16}}]},"35":{"type":"branch","line":106,"loc":{"start":{"line":106,"column":16},"end":{"line":106,"column":44}},"locations":[{"start":{"line":106,"column":16},"end":{"line":106,"column":44}}]},"36":{"type":"branch","line":106,"loc":{"start":{"line":106,"column":33},"end":{"line":106,"column":44}},"locations":[{"start":{"line":106,"column":33},"end":{"line":106,"column":44}}]},"37":{"type":"branch","line":106,"loc":{"start":{"line":106,"column":46},"end":{"line":108,"column":5}},"locations":[{"start":{"line":106,"column":46},"end":{"line":108,"column":5}}]},"38":{"type":"branch","line":108,"loc":{"start":{"line":108,"column":5},"end":{"line":110,"column":5}},"locations":[{"start":{"line":108,"column":5},"end":{"line":110,"column":5}}]},"39":{"type":"branch","line":108,"loc":{"start":{"line":108,"column":25},"end":{"line":110,"column":5}},"locations":[{"start":{"line":108,"column":25},"end":{"line":110,"column":5}}]},"40":{"type":"branch","line":125,"loc":{"start":{"line":125,"column":2},"end":{"line":134,"column":3}},"locations":[{"start":{"line":125,"column":2},"end":{"line":134,"column":3}}]},"41":{"type":"branch","line":131,"loc":{"start":{"line":131,"column":6},"end":{"line":133,"column":5}},"locations":[{"start":{"line":131,"column":6},"end":{"line":133,"column":5}}]},"42":{"type":"branch","line":136,"loc":{"start":{"line":136,"column":2},"end":{"line":148,"column":3}},"locations":[{"start":{"line":136,"column":2},"end":{"line":148,"column":3}}]},"43":{"type":"branch","line":145,"loc":{"start":{"line":145,"column":6},"end":{"line":147,"column":5}},"locations":[{"start":{"line":145,"column":6},"end":{"line":147,"column":5}}]},"44":{"type":"branch","line":138,"loc":{"start":{"line":138,"column":38},"end":{"line":144,"column":7}},"locations":[{"start":{"line":138,"column":38},"end":{"line":144,"column":7}}]},"45":{"type":"branch","line":141,"loc":{"start":{"line":141,"column":34},"end":{"line":141,"column":57}},"locations":[{"start":{"line":141,"column":34},"end":{"line":141,"column":57}}]},"46":{"type":"branch","line":141,"loc":{"start":{"line":141,"column":59},"end":{"line":141,"column":66}},"locations":[{"start":{"line":141,"column":59},"end":{"line":141,"column":66}}]},"47":{"type":"branch","line":151,"loc":{"start":{"line":151,"column":4},"end":{"line":160,"column":5}},"locations":[{"start":{"line":151,"column":4},"end":{"line":160,"column":5}}]},"48":{"type":"branch","line":152,"loc":{"start":{"line":152,"column":25},"end":{"line":159,"column":7}},"locations":[{"start":{"line":152,"column":25},"end":{"line":159,"column":7}}]},"49":{"type":"branch","line":153,"loc":{"start":{"line":153,"column":53},"end":{"line":158,"column":9}},"locations":[{"start":{"line":153,"column":53},"end":{"line":158,"column":9}}]},"50":{"type":"branch","line":161,"loc":{"start":{"line":161,"column":4},"end":{"line":175,"column":5}},"locations":[{"start":{"line":161,"column":4},"end":{"line":175,"column":5}}]},"51":{"type":"branch","line":163,"loc":{"start":{"line":163,"column":23},"end":{"line":163,"column":43}},"locations":[{"start":{"line":163,"column":23},"end":{"line":163,"column":43}}]},"52":{"type":"branch","line":164,"loc":{"start":{"line":164,"column":25},"end":{"line":174,"column":7}},"locations":[{"start":{"line":164,"column":25},"end":{"line":174,"column":7}}]},"53":{"type":"branch","line":165,"loc":{"start":{"line":165,"column":20},"end":{"line":173,"column":9}},"locations":[{"start":{"line":165,"column":20},"end":{"line":173,"column":9}}]},"54":{"type":"branch","line":166,"loc":{"start":{"line":166,"column":23},"end":{"line":172,"column":11}},"locations":[{"start":{"line":166,"column":23},"end":{"line":172,"column":11}}]},"55":{"type":"branch","line":167,"loc":{"start":{"line":167,"column":32},"end":{"line":169,"column":13}},"locations":[{"start":{"line":167,"column":32},"end":{"line":169,"column":13}}]},"56":{"type":"branch","line":169,"loc":{"start":{"line":169,"column":13},"end":{"line":171,"column":13}},"locations":[{"start":{"line":169,"column":13},"end":{"line":171,"column":13}}]},"57":{"type":"branch","line":168,"loc":{"start":{"line":168,"column":39},"end":{"line":168,"column":54}},"locations":[{"start":{"line":168,"column":39},"end":{"line":168,"column":54}}]},"58":{"type":"branch","line":183,"loc":{"start":{"line":183,"column":7},"end":{"line":186,"column":1}},"locations":[{"start":{"line":183,"column":7},"end":{"line":186,"column":1}}]},"59":{"type":"branch","line":185,"loc":{"start":{"line":185,"column":42},"end":{"line":185,"column":51}},"locations":[{"start":{"line":185,"column":42},"end":{"line":185,"column":51}}]},"60":{"type":"branch","line":185,"loc":{"start":{"line":185,"column":52},"end":{"line":185,"column":86}},"locations":[{"start":{"line":185,"column":52},"end":{"line":185,"column":86}}]}},"b":{"0":[1],"1":[1],"2":[10],"3":[8],"4":[3],"5":[7],"6":[5],"7":[9],"8":[1],"9":[7],"10":[4],"11":[3],"12":[16],"13":[15],"14":[12],"15":[4],"16":[2],"17":[2],"18":[1],"19":[1],"20":[2],"21":[1],"22":[4],"23":[35],"24":[25],"25":[10],"26":[6],"27":[4],"28":[3],"29":[1],"30":[10],"31":[2],"32":[10],"33":[4],"34":[6],"35":[4],"36":[1],"37":[1],"38":[5],"39":[2],"40":[4],"41":[1],"42":[9],"43":[1],"44":[10],"45":[4],"46":[0],"47":[9],"48":[9],"49":[9],"50":[9],"51":[8],"52":[9],"53":[9],"54":[9],"55":[4],"56":[5],"57":[4],"58":[3],"59":[1],"60":[2]},"fnMap":{"0":{"name":"noop","decl":{"start":{"line":7,"column":13},"end":{"line":7,"column":21}},"loc":{"start":{"line":7,"column":13},"end":{"line":7,"column":21}},"line":7},"1":{"name":"isStartPrintCommand","decl":{"start":{"line":13,"column":7},"end":{"line":16,"column":1}},"loc":{"start":{"line":13,"column":7},"end":{"line":16,"column":1}},"line":13},"2":{"name":"createProxy","decl":{"start":{"line":26,"column":7},"end":{"line":181,"column":1}},"loc":{"start":{"line":26,"column":7},"end":{"line":181,"column":1}},"line":26},"3":{"name":"intercept","decl":{"start":{"line":28,"column":36},"end":{"line":28,"column":63}},"loc":{"start":{"line":28,"column":36},"end":{"line":28,"column":63}},"line":28},"4":{"name":"aedes.authenticate","decl":{"start":{"line":35,"column":23},"end":{"line":44,"column":3}},"loc":{"start":{"line":35,"column":23},"end":{"line":44,"column":3}},"line":35},"5":{"name":"reloadCerts","decl":{"start":{"line":125,"column":2},"end":{"line":134,"column":3}},"loc":{"start":{"line":125,"column":2},"end":{"line":134,"column":3}},"line":125},"6":{"name":"startCertWatcher","decl":{"start":{"line":136,"column":2},"end":{"line":148,"column":3}},"loc":{"start":{"line":136,"column":2},"end":{"line":148,"column":3}},"line":136},"7":{"name":"start","decl":{"start":{"line":151,"column":4},"end":{"line":160,"column":5}},"loc":{"start":{"line":151,"column":4},"end":{"line":160,"column":5}},"line":151},"8":{"name":"stop","decl":{"start":{"line":161,"column":4},"end":{"line":175,"column":5}},"loc":{"start":{"line":161,"column":4},"end":{"line":175,"column":5}},"line":161},"9":{"name":"defaultLog","decl":{"start":{"line":183,"column":7},"end":{"line":186,"column":1}},"loc":{"start":{"line":183,"column":7},"end":{"line":186,"column":1}},"line":183}},"f":{"0":1,"1":10,"2":9,"3":3,"4":16,"5":4,"6":9,"7":9,"8":9,"9":3}}
}
